<?xml version="1.0" encoding="UTF-8"?>
<!-- Generated by org.testng.reporters.JUnitReportReporter -->
<testsuite hostname="PC-9" failures="0" tests="1" name="tests_AssignmentTask_BlocksOne.Scenario_Third" time="52.447" errors="0" timestamp="2024-07-23T00:24:18 IST" skipped="0">
  <testcase classname="tests_AssignmentTask_BlocksOne.Scenario_Third" name="remove_A_Product_FromCart" time="52.447"/>
  <system-out/>
</testsuite> <!-- tests_AssignmentTask_BlocksOne.Scenario_Third -->
