<?xml version="1.0" encoding="UTF-8"?>
<!-- Generated by org.testng.reporters.JUnitReportReporter -->
<testsuite hostname="PC-9" failures="0" tests="1" name="tests_AssignmentTask_BlocksOne.MetaMask" time="182.796" errors="0" timestamp="2024-07-24T11:13:40 IST" skipped="0">
  <testcase classname="tests_AssignmentTask_BlocksOne.MetaMask" name="openChromeExtension" time="182.796"/>
  <system-out/>
</testsuite> <!-- tests_AssignmentTask_BlocksOne.MetaMask -->
